[
{
"version_info": "hash_261b9ec50f384a32",
"route_config_name": "9093",
"config_source": {
 "api_config_source": {
  "cluster_names": [
   "rds"
  ],
  "refresh_delay": "1s"
 }
}
,
"route_table_dump": {
 "name": "9093",
 "virtual_hosts": [
  {
   "name": "istio-mixer.istio-system.svc.cluster.local|http-monitoring",
   "domains": [
    "istio-mixer.istio-system:9093",
    "istio-mixer.istio-system",
    "istio-mixer.istio-system.svc:9093",
    "istio-mixer.istio-system.svc",
    "istio-mixer.istio-system.svc.cluster:9093",
    "istio-mixer.istio-system.svc.cluster",
    "istio-mixer.istio-system.svc.cluster.local:9093",
    "istio-mixer.istio-system.svc.cluster.local",
    "10.109.206.19:9093",
    "10.109.206.19"
   ],
   "routes": [
    {
     "match": {
      "prefix": "/"
     },
     "route": {
      "cluster": "out.istio-mixer.istio-system.svc.cluster.local|http-monitoring",
      "timeout": "0s"
     },
     "decorator": {
      "operation": "default-route"
     }
    }
   ]
  },
  {
   "name": "istio-pilot.istio-system.svc.cluster.local|http-monitoring",
   "domains": [
    "istio-pilot.istio-system:9093",
    "istio-pilot.istio-system",
    "istio-pilot.istio-system.svc:9093",
    "istio-pilot.istio-system.svc",
    "istio-pilot.istio-system.svc.cluster:9093",
    "istio-pilot.istio-system.svc.cluster",
    "istio-pilot.istio-system.svc.cluster.local:9093",
    "istio-pilot.istio-system.svc.cluster.local",
    "10.97.58.151:9093",
    "10.97.58.151"
   ],
   "routes": [
    {
     "match": {
      "prefix": "/"
     },
     "route": {
      "cluster": "out.istio-pilot.istio-system.svc.cluster.local|http-monitoring",
      "timeout": "0s"
     },
     "decorator": {
      "operation": "default-route"
     }
    }
   ]
  }
 ],
 "validate_clusters": true
}

}
,{
"version_info": "hash_e0ec4eda6e492d4a",
"route_config_name": "8888",
"config_source": {
 "api_config_source": {
  "cluster_names": [
   "rds"
  ],
  "refresh_delay": "1s"
 }
}
,
"route_table_dump": {
 "name": "8888",
 "virtual_hosts": [
  {
   "name": "sample-app-lgimuwvn-0.default.svc.cluster.local|http",
   "domains": [
    "sample-app-lgimuwvn-0:8888",
    "sample-app-lgimuwvn-0",
    "sample-app-lgimuwvn-0.default:8888",
    "sample-app-lgimuwvn-0.default",
    "sample-app-lgimuwvn-0.default.svc:8888",
    "sample-app-lgimuwvn-0.default.svc",
    "sample-app-lgimuwvn-0.default.svc.cluster:8888",
    "sample-app-lgimuwvn-0.default.svc.cluster",
    "sample-app-lgimuwvn-0.default.svc.cluster.local:8888",
    "sample-app-lgimuwvn-0.default.svc.cluster.local",
    "10.104.234.87:8888",
    "10.104.234.87"
   ],
   "routes": [
    {
     "match": {
      "prefix": "/"
     },
     "route": {
      "cluster": "out.sample-app-lgimuwvn-0.default.svc.cluster.local|http",
      "timeout": "0s"
     },
     "decorator": {
      "operation": "default-route"
     }
    }
   ]
  },
  {
   "name": "sample-app-lgimuwvn-1.default.svc.cluster.local|http",
   "domains": [
    "sample-app-lgimuwvn-1:8888",
    "sample-app-lgimuwvn-1",
    "sample-app-lgimuwvn-1.default:8888",
    "sample-app-lgimuwvn-1.default",
    "sample-app-lgimuwvn-1.default.svc:8888",
    "sample-app-lgimuwvn-1.default.svc",
    "sample-app-lgimuwvn-1.default.svc.cluster:8888",
    "sample-app-lgimuwvn-1.default.svc.cluster",
    "sample-app-lgimuwvn-1.default.svc.cluster.local:8888",
    "sample-app-lgimuwvn-1.default.svc.cluster.local",
    "10.106.22.108:8888",
    "10.106.22.108"
   ],
   "routes": [
    {
     "match": {
      "prefix": "/"
     },
     "route": {
      "cluster": "out.sample-app-lgimuwvn-1.default.svc.cluster.local|http",
      "timeout": "0s"
     },
     "decorator": {
      "operation": "default-route"
     }
    }
   ]
  },
  {
   "name": "sample-app-lgimuwvn-10.default.svc.cluster.local|http",
   "domains": [
    "sample-app-lgimuwvn-10:8888",
    "sample-app-lgimuwvn-10",
    "sample-app-lgimuwvn-10.default:8888",
    "sample-app-lgimuwvn-10.default",
    "sample-app-lgimuwvn-10.default.svc:8888",
    "sample-app-lgimuwvn-10.default.svc",
    "sample-app-lgimuwvn-10.default.svc.cluster:8888",
    "sample-app-lgimuwvn-10.default.svc.cluster",
    "sample-app-lgimuwvn-10.default.svc.cluster.local:8888",
    "sample-app-lgimuwvn-10.default.svc.cluster.local",
    "10.101.92.172:8888",
    "10.101.92.172"
   ],
   "routes": [
    {
     "match": {
      "prefix": "/"
     },
     "route": {
      "cluster": "out.sample-app-lgimuwvn-10.default.svc.cluster.local|http",
      "timeout": "0s"
     },
     "decorator": {
      "operation": "default-route"
     }
    }
   ]
  },
  {
   "name": "sample-app-lgimuwvn-11.default.svc.cluster.local|http",
   "domains": [
    "sample-app-lgimuwvn-11:8888",
    "sample-app-lgimuwvn-11",
    "sample-app-lgimuwvn-11.default:8888",
    "sample-app-lgimuwvn-11.default",
    "sample-app-lgimuwvn-11.default.svc:8888",
    "sample-app-lgimuwvn-11.default.svc",
    "sample-app-lgimuwvn-11.default.svc.cluster:8888",
    "sample-app-lgimuwvn-11.default.svc.cluster",
    "sample-app-lgimuwvn-11.default.svc.cluster.local:8888",
    "sample-app-lgimuwvn-11.default.svc.cluster.local",
    "10.109.144.60:8888",
    "10.109.144.60"
   ],
   "routes": [
    {
     "match": {
      "prefix": "/"
     },
     "route": {
      "cluster": "out.sample-app-lgimuwvn-11.default.svc.cluster.local|http",
      "timeout": "0s"
     },
     "decorator": {
      "operation": "default-route"
     }
    }
   ]
  },
  {
   "name": "sample-app-lgimuwvn-12.default.svc.cluster.local|http",
   "domains": [
    "sample-app-lgimuwvn-12:8888",
    "sample-app-lgimuwvn-12",
    "sample-app-lgimuwvn-12.default:8888",
    "sample-app-lgimuwvn-12.default",
    "sample-app-lgimuwvn-12.default.svc:8888",
    "sample-app-lgimuwvn-12.default.svc",
    "sample-app-lgimuwvn-12.default.svc.cluster:8888",
    "sample-app-lgimuwvn-12.default.svc.cluster",
    "sample-app-lgimuwvn-12.default.svc.cluster.local:8888",
    "sample-app-lgimuwvn-12.default.svc.cluster.local",
    "10.100.46.4:8888",
    "10.100.46.4"
   ],
   "routes": [
    {
     "match": {
      "prefix": "/"
     },
     "route": {
      "cluster": "out.sample-app-lgimuwvn-12.default.svc.cluster.local|http",
      "timeout": "0s"
     },
     "decorator": {
      "operation": "default-route"
     }
    }
   ]
  },
  {
   "name": "sample-app-lgimuwvn-13.default.svc.cluster.local|http",
   "domains": [
    "sample-app-lgimuwvn-13:8888",
    "sample-app-lgimuwvn-13",
    "sample-app-lgimuwvn-13.default:8888",
    "sample-app-lgimuwvn-13.default",
    "sample-app-lgimuwvn-13.default.svc:8888",
    "sample-app-lgimuwvn-13.default.svc",
    "sample-app-lgimuwvn-13.default.svc.cluster:8888",
    "sample-app-lgimuwvn-13.default.svc.cluster",
    "sample-app-lgimuwvn-13.default.svc.cluster.local:8888",
    "sample-app-lgimuwvn-13.default.svc.cluster.local",
    "10.100.238.33:8888",
    "10.100.238.33"
   ],
   "routes": [
    {
     "match": {
      "prefix": "/"
     },
     "route": {
      "cluster": "out.sample-app-lgimuwvn-13.default.svc.cluster.local|http",
      "timeout": "0s"
     },
     "decorator": {
      "operation": "default-route"
     }
    }
   ]
  },
  {
   "name": "sample-app-lgimuwvn-14.default.svc.cluster.local|http",
   "domains": [
    "sample-app-lgimuwvn-14:8888",
    "sample-app-lgimuwvn-14",
    "sample-app-lgimuwvn-14.default:8888",
    "sample-app-lgimuwvn-14.default",
    "sample-app-lgimuwvn-14.default.svc:8888",
    "sample-app-lgimuwvn-14.default.svc",
    "sample-app-lgimuwvn-14.default.svc.cluster:8888",
    "sample-app-lgimuwvn-14.default.svc.cluster",
    "sample-app-lgimuwvn-14.default.svc.cluster.local:8888",
    "sample-app-lgimuwvn-14.default.svc.cluster.local",
    "10.97.150.201:8888",
    "10.97.150.201"
   ],
   "routes": [
    {
     "match": {
      "prefix": "/"
     },
     "route": {
      "cluster": "out.sample-app-lgimuwvn-14.default.svc.cluster.local|http",
      "timeout": "0s"
     },
     "decorator": {
      "operation": "default-route"
     }
    }
   ]
  },
  {
   "name": "sample-app-lgimuwvn-15.default.svc.cluster.local|http",
   "domains": [
    "sample-app-lgimuwvn-15:8888",
    "sample-app-lgimuwvn-15",
    "sample-app-lgimuwvn-15.default:8888",
    "sample-app-lgimuwvn-15.default",
    "sample-app-lgimuwvn-15.default.svc:8888",
    "sample-app-lgimuwvn-15.default.svc",
    "sample-app-lgimuwvn-15.default.svc.cluster:8888",
    "sample-app-lgimuwvn-15.default.svc.cluster",
    "sample-app-lgimuwvn-15.default.svc.cluster.local:8888",
    "sample-app-lgimuwvn-15.default.svc.cluster.local",
    "10.106.198.41:8888",
    "10.106.198.41"
   ],
   "routes": [
    {
     "match": {
      "prefix": "/"
     },
     "route": {
      "cluster": "out.sample-app-lgimuwvn-15.default.svc.cluster.local|http",
      "timeout": "0s"
     },
     "decorator": {
      "operation": "default-route"
     }
    }
   ]
  },
  {
   "name": "sample-app-lgimuwvn-16.default.svc.cluster.local|http",
   "domains": [
    "sample-app-lgimuwvn-16:8888",
    "sample-app-lgimuwvn-16",
    "sample-app-lgimuwvn-16.default:8888",
    "sample-app-lgimuwvn-16.default",
    "sample-app-lgimuwvn-16.default.svc:8888",
    "sample-app-lgimuwvn-16.default.svc",
    "sample-app-lgimuwvn-16.default.svc.cluster:8888",
    "sample-app-lgimuwvn-16.default.svc.cluster",
    "sample-app-lgimuwvn-16.default.svc.cluster.local:8888",
    "sample-app-lgimuwvn-16.default.svc.cluster.local",
    "10.104.86.251:8888",
    "10.104.86.251"
   ],
   "routes": [
    {
     "match": {
      "prefix": "/"
     },
     "route": {
      "cluster": "out.sample-app-lgimuwvn-16.default.svc.cluster.local|http",
      "timeout": "0s"
     },
     "decorator": {
      "operation": "default-route"
     }
    }
   ]
  },
  {
   "name": "sample-app-lgimuwvn-17.default.svc.cluster.local|http",
   "domains": [
    "sample-app-lgimuwvn-17:8888",
    "sample-app-lgimuwvn-17",
    "sample-app-lgimuwvn-17.default:8888",
    "sample-app-lgimuwvn-17.default",
    "sample-app-lgimuwvn-17.default.svc:8888",
    "sample-app-lgimuwvn-17.default.svc",
    "sample-app-lgimuwvn-17.default.svc.cluster:8888",
    "sample-app-lgimuwvn-17.default.svc.cluster",
    "sample-app-lgimuwvn-17.default.svc.cluster.local:8888",
    "sample-app-lgimuwvn-17.default.svc.cluster.local",
    "10.105.155.138:8888",
    "10.105.155.138"
   ],
   "routes": [
    {
     "match": {
      "prefix": "/"
     },
     "route": {
      "cluster": "out.sample-app-lgimuwvn-17.default.svc.cluster.local|http",
      "timeout": "0s"
     },
     "decorator": {
      "operation": "default-route"
     }
    }
   ]
  },
  {
   "name": "sample-app-lgimuwvn-18.default.svc.cluster.local|http",
   "domains": [
    "sample-app-lgimuwvn-18:8888",
    "sample-app-lgimuwvn-18",
    "sample-app-lgimuwvn-18.default:8888",
    "sample-app-lgimuwvn-18.default",
    "sample-app-lgimuwvn-18.default.svc:8888",
    "sample-app-lgimuwvn-18.default.svc",
    "sample-app-lgimuwvn-18.default.svc.cluster:8888",
    "sample-app-lgimuwvn-18.default.svc.cluster",
    "sample-app-lgimuwvn-18.default.svc.cluster.local:8888",
    "sample-app-lgimuwvn-18.default.svc.cluster.local",
    "10.103.39.206:8888",
    "10.103.39.206"
   ],
   "routes": [
    {
     "match": {
      "prefix": "/"
     },
     "route": {
      "cluster": "out.sample-app-lgimuwvn-18.default.svc.cluster.local|http",
      "timeout": "0s"
     },
     "decorator": {
      "operation": "default-route"
     }
    }
   ]
  },
  {
   "name": "sample-app-lgimuwvn-19.default.svc.cluster.local|http",
   "domains": [
    "sample-app-lgimuwvn-19:8888",
    "sample-app-lgimuwvn-19",
    "sample-app-lgimuwvn-19.default:8888",
    "sample-app-lgimuwvn-19.default",
    "sample-app-lgimuwvn-19.default.svc:8888",
    "sample-app-lgimuwvn-19.default.svc",
    "sample-app-lgimuwvn-19.default.svc.cluster:8888",
    "sample-app-lgimuwvn-19.default.svc.cluster",
    "sample-app-lgimuwvn-19.default.svc.cluster.local:8888",
    "sample-app-lgimuwvn-19.default.svc.cluster.local",
    "10.101.153.198:8888",
    "10.101.153.198"
   ],
   "routes": [
    {
     "match": {
      "prefix": "/"
     },
     "route": {
      "cluster": "out.sample-app-lgimuwvn-19.default.svc.cluster.local|http",
      "timeout": "0s"
     },
     "decorator": {
      "operation": "default-route"
     }
    }
   ]
  },
  {
   "name": "sample-app-lgimuwvn-2.default.svc.cluster.local|http",
   "domains": [
    "sample-app-lgimuwvn-2:8888",
    "sample-app-lgimuwvn-2",
    "sample-app-lgimuwvn-2.default:8888",
    "sample-app-lgimuwvn-2.default",
    "sample-app-lgimuwvn-2.default.svc:8888",
    "sample-app-lgimuwvn-2.default.svc",
    "sample-app-lgimuwvn-2.default.svc.cluster:8888",
    "sample-app-lgimuwvn-2.default.svc.cluster",
    "sample-app-lgimuwvn-2.default.svc.cluster.local:8888",
    "sample-app-lgimuwvn-2.default.svc.cluster.local",
    "10.97.85.144:8888",
    "10.97.85.144"
   ],
   "routes": [
    {
     "match": {
      "prefix": "/"
     },
     "route": {
      "cluster": "out.sample-app-lgimuwvn-2.default.svc.cluster.local|http",
      "timeout": "0s"
     },
     "decorator": {
      "operation": "default-route"
     }
    }
   ]
  },
  {
   "name": "sample-app-lgimuwvn-20.default.svc.cluster.local|http",
   "domains": [
    "sample-app-lgimuwvn-20:8888",
    "sample-app-lgimuwvn-20",
    "sample-app-lgimuwvn-20.default:8888",
    "sample-app-lgimuwvn-20.default",
    "sample-app-lgimuwvn-20.default.svc:8888",
    "sample-app-lgimuwvn-20.default.svc",
    "sample-app-lgimuwvn-20.default.svc.cluster:8888",
    "sample-app-lgimuwvn-20.default.svc.cluster",
    "sample-app-lgimuwvn-20.default.svc.cluster.local:8888",
    "sample-app-lgimuwvn-20.default.svc.cluster.local",
    "10.109.181.174:8888",
    "10.109.181.174"
   ],
   "routes": [
    {
     "match": {
      "prefix": "/"
     },
     "route": {
      "cluster": "out.sample-app-lgimuwvn-20.default.svc.cluster.local|http",
      "timeout": "0s"
     },
     "decorator": {
      "operation": "default-route"
     }
    }
   ]
  },
  {
   "name": "sample-app-lgimuwvn-21.default.svc.cluster.local|http",
   "domains": [
    "sample-app-lgimuwvn-21:8888",
    "sample-app-lgimuwvn-21",
    "sample-app-lgimuwvn-21.default:8888",
    "sample-app-lgimuwvn-21.default",
    "sample-app-lgimuwvn-21.default.svc:8888",
    "sample-app-lgimuwvn-21.default.svc",
    "sample-app-lgimuwvn-21.default.svc.cluster:8888",
    "sample-app-lgimuwvn-21.default.svc.cluster",
    "sample-app-lgimuwvn-21.default.svc.cluster.local:8888",
    "sample-app-lgimuwvn-21.default.svc.cluster.local",
    "10.98.127.41:8888",
    "10.98.127.41"
   ],
   "routes": [
    {
     "match": {
      "prefix": "/"
     },
     "route": {
      "cluster": "out.sample-app-lgimuwvn-21.default.svc.cluster.local|http",
      "timeout": "0s"
     },
     "decorator": {
      "operation": "default-route"
     }
    }
   ]
  },
  {
   "name": "sample-app-lgimuwvn-22.default.svc.cluster.local|http",
   "domains": [
    "sample-app-lgimuwvn-22:8888",
    "sample-app-lgimuwvn-22",
    "sample-app-lgimuwvn-22.default:8888",
    "sample-app-lgimuwvn-22.default",
    "sample-app-lgimuwvn-22.default.svc:8888",
    "sample-app-lgimuwvn-22.default.svc",
    "sample-app-lgimuwvn-22.default.svc.cluster:8888",
    "sample-app-lgimuwvn-22.default.svc.cluster",
    "sample-app-lgimuwvn-22.default.svc.cluster.local:8888",
    "sample-app-lgimuwvn-22.default.svc.cluster.local",
    "10.103.56.193:8888",
    "10.103.56.193"
   ],
   "routes": [
    {
     "match": {
      "prefix": "/"
     },
     "route": {
      "cluster": "out.sample-app-lgimuwvn-22.default.svc.cluster.local|http",
      "timeout": "0s"
     },
     "decorator": {
      "operation": "default-route"
     }
    }
   ]
  },
  {
   "name": "sample-app-lgimuwvn-23.default.svc.cluster.local|http",
   "domains": [
    "sample-app-lgimuwvn-23:8888",
    "sample-app-lgimuwvn-23",
    "sample-app-lgimuwvn-23.default:8888",
    "sample-app-lgimuwvn-23.default",
    "sample-app-lgimuwvn-23.default.svc:8888",
    "sample-app-lgimuwvn-23.default.svc",
    "sample-app-lgimuwvn-23.default.svc.cluster:8888",
    "sample-app-lgimuwvn-23.default.svc.cluster",
    "sample-app-lgimuwvn-23.default.svc.cluster.local:8888",
    "sample-app-lgimuwvn-23.default.svc.cluster.local",
    "10.104.208.206:8888",
    "10.104.208.206"
   ],
   "routes": [
    {
     "match": {
      "prefix": "/"
     },
     "route": {
      "cluster": "out.sample-app-lgimuwvn-23.default.svc.cluster.local|http",
      "timeout": "0s"
     },
     "decorator": {
      "operation": "default-route"
     }
    }
   ]
  },
  {
   "name": "sample-app-lgimuwvn-24.default.svc.cluster.local|http",
   "domains": [
    "sample-app-lgimuwvn-24:8888",
    "sample-app-lgimuwvn-24",
    "sample-app-lgimuwvn-24.default:8888",
    "sample-app-lgimuwvn-24.default",
    "sample-app-lgimuwvn-24.default.svc:8888",
    "sample-app-lgimuwvn-24.default.svc",
    "sample-app-lgimuwvn-24.default.svc.cluster:8888",
    "sample-app-lgimuwvn-24.default.svc.cluster",
    "sample-app-lgimuwvn-24.default.svc.cluster.local:8888",
    "sample-app-lgimuwvn-24.default.svc.cluster.local",
    "10.101.201.75:8888",
    "10.101.201.75"
   ],
   "routes": [
    {
     "match": {
      "prefix": "/"
     },
     "route": {
      "cluster": "out.sample-app-lgimuwvn-24.default.svc.cluster.local|http",
      "timeout": "0s"
     },
     "decorator": {
      "operation": "default-route"
     }
    }
   ]
  },
  {
   "name": "sample-app-lgimuwvn-25.default.svc.cluster.local|http",
   "domains": [
    "sample-app-lgimuwvn-25:8888",
    "sample-app-lgimuwvn-25",
    "sample-app-lgimuwvn-25.default:8888",
    "sample-app-lgimuwvn-25.default",
    "sample-app-lgimuwvn-25.default.svc:8888",
    "sample-app-lgimuwvn-25.default.svc",
    "sample-app-lgimuwvn-25.default.svc.cluster:8888",
    "sample-app-lgimuwvn-25.default.svc.cluster",
    "sample-app-lgimuwvn-25.default.svc.cluster.local:8888",
    "sample-app-lgimuwvn-25.default.svc.cluster.local",
    "10.101.7.236:8888",
    "10.101.7.236"
   ],
   "routes": [
    {
     "match": {
      "prefix": "/"
     },
     "route": {
      "cluster": "out.sample-app-lgimuwvn-25.default.svc.cluster.local|http",
      "timeout": "0s"
     },
     "decorator": {
      "operation": "default-route"
     }
    }
   ]
  },
  {
   "name": "sample-app-lgimuwvn-26.default.svc.cluster.local|http",
   "domains": [
    "sample-app-lgimuwvn-26:8888",
    "sample-app-lgimuwvn-26",
    "sample-app-lgimuwvn-26.default:8888",
    "sample-app-lgimuwvn-26.default",
    "sample-app-lgimuwvn-26.default.svc:8888",
    "sample-app-lgimuwvn-26.default.svc",
    "sample-app-lgimuwvn-26.default.svc.cluster:8888",
    "sample-app-lgimuwvn-26.default.svc.cluster",
    "sample-app-lgimuwvn-26.default.svc.cluster.local:8888",
    "sample-app-lgimuwvn-26.default.svc.cluster.local",
    "10.98.117.65:8888",
    "10.98.117.65"
   ],
   "routes": [
    {
     "match": {
      "prefix": "/"
     },
     "route": {
      "cluster": "out.sample-app-lgimuwvn-26.default.svc.cluster.local|http",
      "timeout": "0s"
     },
     "decorator": {
      "operation": "default-route"
     }
    }
   ]
  },
  {
   "name": "sample-app-lgimuwvn-27.default.svc.cluster.local|http",
   "domains": [
    "sample-app-lgimuwvn-27:8888",
    "sample-app-lgimuwvn-27",
    "sample-app-lgimuwvn-27.default:8888",
    "sample-app-lgimuwvn-27.default",
    "sample-app-lgimuwvn-27.default.svc:8888",
    "sample-app-lgimuwvn-27.default.svc",
    "sample-app-lgimuwvn-27.default.svc.cluster:8888",
    "sample-app-lgimuwvn-27.default.svc.cluster",
    "sample-app-lgimuwvn-27.default.svc.cluster.local:8888",
    "sample-app-lgimuwvn-27.default.svc.cluster.local",
    "10.106.126.184:8888",
    "10.106.126.184"
   ],
   "routes": [
    {
     "match": {
      "prefix": "/"
     },
     "route": {
      "cluster": "out.sample-app-lgimuwvn-27.default.svc.cluster.local|http",
      "timeout": "0s"
     },
     "decorator": {
      "operation": "default-route"
     }
    }
   ]
  },
  {
   "name": "sample-app-lgimuwvn-28.default.svc.cluster.local|http",
   "domains": [
    "sample-app-lgimuwvn-28:8888",
    "sample-app-lgimuwvn-28",
    "sample-app-lgimuwvn-28.default:8888",
    "sample-app-lgimuwvn-28.default",
    "sample-app-lgimuwvn-28.default.svc:8888",
    "sample-app-lgimuwvn-28.default.svc",
    "sample-app-lgimuwvn-28.default.svc.cluster:8888",
    "sample-app-lgimuwvn-28.default.svc.cluster",
    "sample-app-lgimuwvn-28.default.svc.cluster.local:8888",
    "sample-app-lgimuwvn-28.default.svc.cluster.local",
    "10.110.243.99:8888",
    "10.110.243.99"
   ],
   "routes": [
    {
     "match": {
      "prefix": "/"
     },
     "route": {
      "cluster": "out.sample-app-lgimuwvn-28.default.svc.cluster.local|http",
      "timeout": "0s"
     },
     "decorator": {
      "operation": "default-route"
     }
    }
   ]
  },
  {
   "name": "sample-app-lgimuwvn-29.default.svc.cluster.local|http",
   "domains": [
    "sample-app-lgimuwvn-29:8888",
    "sample-app-lgimuwvn-29",
    "sample-app-lgimuwvn-29.default:8888",
    "sample-app-lgimuwvn-29.default",
    "sample-app-lgimuwvn-29.default.svc:8888",
    "sample-app-lgimuwvn-29.default.svc",
    "sample-app-lgimuwvn-29.default.svc.cluster:8888",
    "sample-app-lgimuwvn-29.default.svc.cluster",
    "sample-app-lgimuwvn-29.default.svc.cluster.local:8888",
    "sample-app-lgimuwvn-29.default.svc.cluster.local",
    "10.100.164.247:8888",
    "10.100.164.247"
   ],
   "routes": [
    {
     "match": {
      "prefix": "/"
     },
     "route": {
      "cluster": "out.sample-app-lgimuwvn-29.default.svc.cluster.local|http",
      "timeout": "0s"
     },
     "decorator": {
      "operation": "default-route"
     }
    }
   ]
  },
  {
   "name": "sample-app-lgimuwvn-3.default.svc.cluster.local|http",
   "domains": [
    "sample-app-lgimuwvn-3:8888",
    "sample-app-lgimuwvn-3",
    "sample-app-lgimuwvn-3.default:8888",
    "sample-app-lgimuwvn-3.default",
    "sample-app-lgimuwvn-3.default.svc:8888",
    "sample-app-lgimuwvn-3.default.svc",
    "sample-app-lgimuwvn-3.default.svc.cluster:8888",
    "sample-app-lgimuwvn-3.default.svc.cluster",
    "sample-app-lgimuwvn-3.default.svc.cluster.local:8888",
    "sample-app-lgimuwvn-3.default.svc.cluster.local",
    "10.99.12.225:8888",
    "10.99.12.225"
   ],
   "routes": [
    {
     "match": {
      "prefix": "/"
     },
     "route": {
      "cluster": "out.sample-app-lgimuwvn-3.default.svc.cluster.local|http",
      "timeout": "0s"
     },
     "decorator": {
      "operation": "default-route"
     }
    }
   ]
  },
  {
   "name": "sample-app-lgimuwvn-4.default.svc.cluster.local|http",
   "domains": [
    "sample-app-lgimuwvn-4:8888",
    "sample-app-lgimuwvn-4",
    "sample-app-lgimuwvn-4.default:8888",
    "sample-app-lgimuwvn-4.default",
    "sample-app-lgimuwvn-4.default.svc:8888",
    "sample-app-lgimuwvn-4.default.svc",
    "sample-app-lgimuwvn-4.default.svc.cluster:8888",
    "sample-app-lgimuwvn-4.default.svc.cluster",
    "sample-app-lgimuwvn-4.default.svc.cluster.local:8888",
    "sample-app-lgimuwvn-4.default.svc.cluster.local",
    "10.97.23.38:8888",
    "10.97.23.38"
   ],
   "routes": [
    {
     "match": {
      "prefix": "/"
     },
     "route": {
      "cluster": "out.sample-app-lgimuwvn-4.default.svc.cluster.local|http",
      "timeout": "0s"
     },
     "decorator": {
      "operation": "default-route"
     }
    }
   ]
  },
  {
   "name": "sample-app-lgimuwvn-5.default.svc.cluster.local|http",
   "domains": [
    "sample-app-lgimuwvn-5:8888",
    "sample-app-lgimuwvn-5",
    "sample-app-lgimuwvn-5.default:8888",
    "sample-app-lgimuwvn-5.default",
    "sample-app-lgimuwvn-5.default.svc:8888",
    "sample-app-lgimuwvn-5.default.svc",
    "sample-app-lgimuwvn-5.default.svc.cluster:8888",
    "sample-app-lgimuwvn-5.default.svc.cluster",
    "sample-app-lgimuwvn-5.default.svc.cluster.local:8888",
    "sample-app-lgimuwvn-5.default.svc.cluster.local",
    "10.110.92.190:8888",
    "10.110.92.190"
   ],
   "routes": [
    {
     "match": {
      "prefix": "/"
     },
     "route": {
      "cluster": "out.sample-app-lgimuwvn-5.default.svc.cluster.local|http",
      "timeout": "0s"
     },
     "decorator": {
      "operation": "default-route"
     }
    }
   ]
  },
  {
   "name": "sample-app-lgimuwvn-6.default.svc.cluster.local|http",
   "domains": [
    "sample-app-lgimuwvn-6:8888",
    "sample-app-lgimuwvn-6",
    "sample-app-lgimuwvn-6.default:8888",
    "sample-app-lgimuwvn-6.default",
    "sample-app-lgimuwvn-6.default.svc:8888",
    "sample-app-lgimuwvn-6.default.svc",
    "sample-app-lgimuwvn-6.default.svc.cluster:8888",
    "sample-app-lgimuwvn-6.default.svc.cluster",
    "sample-app-lgimuwvn-6.default.svc.cluster.local:8888",
    "sample-app-lgimuwvn-6.default.svc.cluster.local",
    "10.108.239.145:8888",
    "10.108.239.145"
   ],
   "routes": [
    {
     "match": {
      "prefix": "/"
     },
     "route": {
      "cluster": "out.sample-app-lgimuwvn-6.default.svc.cluster.local|http",
      "timeout": "0s"
     },
     "decorator": {
      "operation": "default-route"
     }
    }
   ]
  },
  {
   "name": "sample-app-lgimuwvn-7.default.svc.cluster.local|http",
   "domains": [
    "sample-app-lgimuwvn-7:8888",
    "sample-app-lgimuwvn-7",
    "sample-app-lgimuwvn-7.default:8888",
    "sample-app-lgimuwvn-7.default",
    "sample-app-lgimuwvn-7.default.svc:8888",
    "sample-app-lgimuwvn-7.default.svc",
    "sample-app-lgimuwvn-7.default.svc.cluster:8888",
    "sample-app-lgimuwvn-7.default.svc.cluster",
    "sample-app-lgimuwvn-7.default.svc.cluster.local:8888",
    "sample-app-lgimuwvn-7.default.svc.cluster.local",
    "10.99.77.45:8888",
    "10.99.77.45"
   ],
   "routes": [
    {
     "match": {
      "prefix": "/"
     },
     "route": {
      "cluster": "out.sample-app-lgimuwvn-7.default.svc.cluster.local|http",
      "timeout": "0s"
     },
     "decorator": {
      "operation": "default-route"
     }
    }
   ]
  },
  {
   "name": "sample-app-lgimuwvn-8.default.svc.cluster.local|http",
   "domains": [
    "sample-app-lgimuwvn-8:8888",
    "sample-app-lgimuwvn-8",
    "sample-app-lgimuwvn-8.default:8888",
    "sample-app-lgimuwvn-8.default",
    "sample-app-lgimuwvn-8.default.svc:8888",
    "sample-app-lgimuwvn-8.default.svc",
    "sample-app-lgimuwvn-8.default.svc.cluster:8888",
    "sample-app-lgimuwvn-8.default.svc.cluster",
    "sample-app-lgimuwvn-8.default.svc.cluster.local:8888",
    "sample-app-lgimuwvn-8.default.svc.cluster.local",
    "10.106.142.157:8888",
    "10.106.142.157"
   ],
   "routes": [
    {
     "match": {
      "prefix": "/"
     },
     "route": {
      "cluster": "out.sample-app-lgimuwvn-8.default.svc.cluster.local|http",
      "timeout": "0s"
     },
     "decorator": {
      "operation": "default-route"
     }
    }
   ]
  },
  {
   "name": "sample-app-lgimuwvn-9.default.svc.cluster.local|http",
   "domains": [
    "sample-app-lgimuwvn-9:8888",
    "sample-app-lgimuwvn-9",
    "sample-app-lgimuwvn-9.default:8888",
    "sample-app-lgimuwvn-9.default",
    "sample-app-lgimuwvn-9.default.svc:8888",
    "sample-app-lgimuwvn-9.default.svc",
    "sample-app-lgimuwvn-9.default.svc.cluster:8888",
    "sample-app-lgimuwvn-9.default.svc.cluster",
    "sample-app-lgimuwvn-9.default.svc.cluster.local:8888",
    "sample-app-lgimuwvn-9.default.svc.cluster.local",
    "10.98.212.201:8888",
    "10.98.212.201"
   ],
   "routes": [
    {
     "match": {
      "prefix": "/"
     },
     "route": {
      "cluster": "out.sample-app-lgimuwvn-9.default.svc.cluster.local|http",
      "timeout": "0s"
     },
     "decorator": {
      "operation": "default-route"
     }
    }
   ]
  }
 ],
 "validate_clusters": true
}

}
,{
"version_info": "hash_39d13252b1a8190f",
"route_config_name": "15007",
"config_source": {
 "api_config_source": {
  "cluster_names": [
   "rds"
  ],
  "refresh_delay": "1s"
 }
}
,
"route_table_dump": {
 "name": "15007",
 "virtual_hosts": [
  {
   "name": "istio-pilot.istio-system.svc.cluster.local|http-discovery",
   "domains": [
    "istio-pilot.istio-system:15007",
    "istio-pilot.istio-system",
    "istio-pilot.istio-system.svc:15007",
    "istio-pilot.istio-system.svc",
    "istio-pilot.istio-system.svc.cluster:15007",
    "istio-pilot.istio-system.svc.cluster",
    "istio-pilot.istio-system.svc.cluster.local:15007",
    "istio-pilot.istio-system.svc.cluster.local",
    "10.97.58.151:15007",
    "10.97.58.151"
   ],
   "routes": [
    {
     "match": {
      "prefix": "/"
     },
     "route": {
      "cluster": "out.istio-pilot.istio-system.svc.cluster.local|http-discovery",
      "timeout": "0s"
     },
     "decorator": {
      "operation": "default-route"
     }
    }
   ]
  }
 ],
 "validate_clusters": true
}

}
,{
"version_info": "hash_12fd94201ef9d265",
"route_config_name": "15010",
"config_source": {
 "api_config_source": {
  "cluster_names": [
   "rds"
  ],
  "refresh_delay": "1s"
 }
}
,
"route_table_dump": {
 "name": "15010",
 "virtual_hosts": [
  {
   "name": "istio-pilot.istio-system.svc.cluster.local|grpc-discovery",
   "domains": [
    "istio-pilot.istio-system:15010",
    "istio-pilot.istio-system",
    "istio-pilot.istio-system.svc:15010",
    "istio-pilot.istio-system.svc",
    "istio-pilot.istio-system.svc.cluster:15010",
    "istio-pilot.istio-system.svc.cluster",
    "istio-pilot.istio-system.svc.cluster.local:15010",
    "istio-pilot.istio-system.svc.cluster.local",
    "10.97.58.151:15010",
    "10.97.58.151"
   ],
   "routes": [
    {
     "match": {
      "prefix": "/"
     },
     "route": {
      "cluster": "out.istio-pilot.istio-system.svc.cluster.local|grpc-discovery",
      "timeout": "0s"
     },
     "decorator": {
      "operation": "default-route"
     }
    }
   ]
  }
 ],
 "validate_clusters": true
}

}
,{
"version_info": "hash_686d4d685ed858d3",
"route_config_name": "80",
"config_source": {
 "api_config_source": {
  "cluster_names": [
   "rds"
  ],
  "refresh_delay": "1s"
 }
}
,
"route_table_dump": {
 "name": "80",
 "virtual_hosts": [
  {
   "name": "istio-ingress.istio-system.svc.cluster.local|http",
   "domains": [
    "istio-ingress.istio-system:80",
    "istio-ingress.istio-system",
    "istio-ingress.istio-system.svc:80",
    "istio-ingress.istio-system.svc",
    "istio-ingress.istio-system.svc.cluster:80",
    "istio-ingress.istio-system.svc.cluster",
    "istio-ingress.istio-system.svc.cluster.local:80",
    "istio-ingress.istio-system.svc.cluster.local",
    "10.104.165.183:80",
    "10.104.165.183"
   ],
   "routes": [
    {
     "match": {
      "prefix": "/"
     },
     "route": {
      "cluster": "out.istio-ingress.istio-system.svc.cluster.local|http",
      "timeout": "0s"
     },
     "decorator": {
      "operation": "default-route"
     }
    }
   ]
  }
 ],
 "validate_clusters": true
}

}
,{
"version_info": "hash_1b472cded12e9c1c",
"route_config_name": "8080",
"config_source": {
 "api_config_source": {
  "cluster_names": [
   "rds"
  ],
  "refresh_delay": "1s"
 }
}
,
"route_table_dump": {
 "name": "8080",
 "virtual_hosts": [
  {
   "name": "istio-pilot.istio-system.svc.cluster.local|http-legacy-discovery",
   "domains": [
    "istio-pilot.istio-system:8080",
    "istio-pilot.istio-system",
    "istio-pilot.istio-system.svc:8080",
    "istio-pilot.istio-system.svc",
    "istio-pilot.istio-system.svc.cluster:8080",
    "istio-pilot.istio-system.svc.cluster",
    "istio-pilot.istio-system.svc.cluster.local:8080",
    "istio-pilot.istio-system.svc.cluster.local",
    "10.97.58.151:8080",
    "10.97.58.151"
   ],
   "routes": [
    {
     "match": {
      "prefix": "/"
     },
     "route": {
      "cluster": "out.istio-pilot.istio-system.svc.cluster.local|http-legacy-discovery",
      "timeout": "0s"
     },
     "decorator": {
      "operation": "default-route"
     }
    }
   ]
  }
 ],
 "validate_clusters": true
}

}
]
